<?xml version="1.0" encoding="UTF-8"?>
<!-- Generated by org.testng.reporters.JUnitReportReporter -->
<testsuite hostname="WINDOWS-J0ACLPE" failures="0" tests="2" name="TestNg.day_2" time="0.009" errors="0" timestamp="2024-05-04T18:45:23 IST" skipped="0">
  <testcase classname="TestNg.day_2" name="print" time="0.003"/>
  <system-out/>
  <testcase classname="TestNg.day_2" name="print_1" time="0.006"/>
  <system-out/>
</testsuite> <!-- TestNg.day_2 -->
