<?xml version="1.0" encoding="UTF-8"?>
<!-- Generated by org.testng.reporters.JUnitReportReporter -->
<testsuite hostname="WINDOWS-J0ACLPE" failures="0" tests="2" name="TestNg.day_3" time="0.017" errors="0" timestamp="2024-05-04T18:45:23 IST" skipped="0">
  <testcase classname="TestNg.day_3" name="WebLoginCar" time="0.007"/>
  <system-out/>
  <testcase classname="TestNg.day_3" name="print_2" time="0.010"/>
  <system-out/>
</testsuite> <!-- TestNg.day_3 -->
