<?xml version="1.0" encoding="UTF-8"?>
<!-- Generated by org.testng.reporters.JUnitReportReporter -->
<testsuite hostname="WINDOWS-J0ACLPE" failures="0" tests="2" name="TestNg.AllAnnotation" time="0.025" errors="0" timestamp="2024-05-04T14:58:51 IST" skipped="0">
  <testcase classname="TestNg.AllAnnotation" name="tm1" time="0.014"/>
  <system-out/>
  <testcase classname="TestNg.AllAnnotation" name="tm2" time="0.011"/>
  <system-out/>
</testsuite> <!-- TestNg.AllAnnotation -->
