<?xml version="1.0" encoding="UTF-8"?>
<!-- Generated by org.testng.reporters.JUnitReportReporter -->
<testsuite hostname="WINDOWS-J0ACLPE" failures="0" tests="3" name="TestNg.SecondTest" time="22.284" errors="0" timestamp="2024-05-04T14:58:51 IST" skipped="0">
  <testcase classname="TestNg.SecondTest" name="openApp" time="19.423"/>
  <system-out/>
  <testcase classname="TestNg.SecondTest" name="login" time="2.703"/>
  <system-out/>
  <testcase classname="TestNg.SecondTest" name="close" time="0.158"/>
  <system-out/>
</testsuite> <!-- TestNg.SecondTest -->
