<?xml version="1.0" encoding="UTF-8"?>
<!-- Generated by org.testng.reporters.JUnitReportReporter -->
<testsuite hostname="WINDOWS-J0ACLPE" failures="0" tests="3" name="TestNg.day_4" time="0.015" errors="0" timestamp="2024-05-04T18:45:23 IST" skipped="0">
  <testcase classname="TestNg.day_4" name="print_3" time="0.008"/>
  <system-out/>
  <testcase classname="TestNg.day_4" name="MobileLoginHomeCar" time="0.004"/>
  <system-out/>
  <testcase classname="TestNg.day_4" name="WebLoginHomeCar" time="0.003"/>
  <system-out/>
</testsuite> <!-- TestNg.day_4 -->
