<?xml version="1.0" encoding="UTF-8"?>
<!-- Generated by org.testng.reporters.JUnitReportReporter -->
<testsuite hostname="WINDOWS-J0ACLPE" failures="0" tests="2" name="TestNg.FirstTest" time="0.011" errors="0" timestamp="2024-05-04T14:58:51 IST" skipped="0">
  <testcase classname="TestNg.FirstTest" name="first_2" time="0.004"/>
  <system-out/>
  <testcase classname="TestNg.FirstTest" name="first_1" time="0.007"/>
  <system-out/>
</testsuite> <!-- TestNg.FirstTest -->
