<?xml version="1.0" encoding="UTF-8"?>
<!-- Generated by org.testng.reporters.JUnitReportReporter -->
<testsuite hostname="WINDOWS-J0ACLPE" failures="0" tests="2" name="TestNg.AutomationDemo_1" time="0.025" errors="0" timestamp="2024-05-04T14:58:51 IST" skipped="0">
  <testcase classname="TestNg.AutomationDemo_1" name="search" time="0.010"/>
  <system-out/>
  <testcase classname="TestNg.AutomationDemo_1" name="advsearch" time="0.015"/>
  <system-out/>
</testsuite> <!-- TestNg.AutomationDemo_1 -->
