<?xml version="1.0" encoding="UTF-8"?>
<!-- Generated by org.testng.reporters.JUnitReportReporter -->
<testsuite hostname="WINDOWS-J0ACLPE" failures="0" tests="9" name="TestNg.Grouping" time="0.039" errors="0" timestamp="2024-05-04T14:58:51 IST" skipped="0">
  <testcase classname="TestNg.Grouping" name="paymentInDollar" time="0.006"/>
  <system-out/>
  <testcase classname="TestNg.Grouping" name="paymentInBank" time="0.005"/>
  <system-out/>
  <testcase classname="TestNg.Grouping" name="paymentInRupees" time="0.004"/>
  <system-out/>
  <testcase classname="TestNg.Grouping" name="loginByFacebook" time="0.003"/>
  <system-out/>
  <testcase classname="TestNg.Grouping" name="loginByEmail" time="0.004"/>
  <system-out/>
  <testcase classname="TestNg.Grouping" name="signUpByTwitter" time="0.007"/>
  <system-out/>
  <testcase classname="TestNg.Grouping" name="loginByTwitter" time="0.005"/>
  <system-out/>
  <testcase classname="TestNg.Grouping" name="signUpByEmail" time="0.002"/>
  <system-out/>
  <testcase classname="TestNg.Grouping" name="signUpByFacebook" time="0.003"/>
  <system-out/>
</testsuite> <!-- TestNg.Grouping -->
